lib_tools/Tools/build/intermediates/manifest_merge_blame_file/debug/manifest-merger-blame-debug-report.txt
1<?xml version="1.0" encoding="utf-8"?>
2<manifest xmlns:android="http://schemas.android.com/apk/res/android"
3    package="com.dunn.tools"
4    android:versionCode="3"
5    android:versionName="1.0.0" >
6
7    <uses-sdk
8        android:minSdkVersion="17"
8-->src/main/AndroidManifest.xml
9        android:targetSdkVersion="22" />
9-->src/main/AndroidManifest.xml
10
11    <uses-permission android:name="android.permission.ACCESS_NETWORK_STATE" />
11-->src/main/AndroidManifest.xml:4:5-79
11-->src/main/AndroidManifest.xml:4:22-76
12
13    <application>
13-->src/main/AndroidManifest.xml:5:5-14:19
14        <meta-data
14-->src/main/AndroidManifest.xml:6:9-8:36
15            android:name="com.dunn.tools.get"
15-->src/main/AndroidManifest.xml:7:13-46
16            android:value="true" />
16-->src/main/AndroidManifest.xml:8:13-33
17
18        <receiver
18-->src/main/AndroidManifest.xml:10:9-13:39
19            android:name="com.dunn.tools.time.AlarmReceiver"
19-->src/main/AndroidManifest.xml:11:13-61
20            android:enabled="true"
20-->src/main/AndroidManifest.xml:12:13-35
21            android:exported="true" />
21-->src/main/AndroidManifest.xml:13:13-36
22    </application>
23
24</manifest>